Run log: /Users/tarang/Documents/Projects/equity-research/flow-tracker/run_logs/20260407T051948_run_VEDL.log

Refreshing data for VEDL...

Screener.in (business data only)
  ✓ company_profile: 1 records
  ✓ company_documents: 82 records
  ✓ peers: 6 records
  ✓ schedules_quarters: 156 records
  ✓ schedules_profit-loss: 168 records
  ✓ schedules_balance-sheet: 325 records
  ✓ schedules_cash-flow: 324 records
Refresh complete: 1062 records across 7 sources

Refreshing peer data...

Peer refresh for VEDL — 6 peers in DB
  ? Median: 4 Co. — could not resolve symbol, skipping
  Resolved 5/6 peer symbols
  ✓ VEDL — cached
  ✓ JAINREC — cached
  ✓ POCL — cached
  ✓ INNOMET — cached
  ✓ BONLON — cached

  Fetched: 0 | Cached: 5 | Skipped: 0

Sector benchmarks
  ✓ sector_benchmarks: 6 metrics computed

Running business agent for VEDL...
  ✓ business: 33,621 chars, $0.63, 8m 29s

Pipeline Timeline
──────────────────────────────────────────────────────────
00:00   data_refresh         started
00:16   data_refresh         done (16s)
00:17    → business           started
08:47    ✓ business           success (510s, 19 tools, $0.63)
──────────────────────────────────────────────────────────
Total: 8m 47s | $0.63

Total cost: $0.63
Reports: ~/vault/stocks/VEDL/reports/
Briefings: ~/vault/stocks/VEDL/briefings/
Trace: /Users/tarang/vault/stocks/VEDL/traces/20260407T051948.json
