Run log: /Users/tarang/Documents/Projects/equity-research/flow-tracker/flowtracker/research/autoeval/run_logs/20260408T175651.log
AutoEval (agent-first): agent=business sectors=['telecom']
Target: grade_numeric >= 90

--- business / BHARTIARTL (telecom) ---
  Running agent...
  23:26:52 [INFO] flowtracker.research.refresh: [refresh_business] BHARTIARTL: started
  23:26:52 [INFO] httpx: HTTP Request: GET https://www.screener.in/login/ "HTTP/1.1 200 OK"
  23:26:52 [INFO] httpx: HTTP Request: POST https://www.screener.in/login/ "HTTP/1.1 302 Found"
  23:26:52 [INFO] httpx: HTTP Request: GET https://www.screener.in/dash/ "HTTP/1.1 200 OK"
  23:26:52 [INFO] httpx: HTTP Request: GET https://www.screener.in/company/BHARTIARTL/consolidated/ "HTTP/1.1 200 OK"
  23:26:53 [INFO] flowtracker.research.refresh: [refresh] BHARTIARTL: company_profile ok 1 records
  23:26:53 [INFO] flowtracker.research.refresh: [refresh] BHARTIARTL: company_documents ok 61 records
  23:26:53 [INFO] httpx: HTTP Request: GET https://www.screener.in/api/company/6595023/peers/ "HTTP/1.1 200 OK"
  23:26:53 [INFO] flowtracker.research.refresh: [refresh] BHARTIARTL: peers ok 8 records
  23:26:53 [INFO] httpx: HTTP Request: GET https://www.screener.in/api/company/467/schedules/?parent=Sales&section=quarters&consolidated= "HTTP/1.1 200 OK"
  23:26:54 [INFO] httpx: HTTP Request: GET https://www.screener.in/api/company/467/schedules/?parent=Expenses&section=quarters&consolidated= "HTTP/1.1 200 OK"
  23:26:55 [INFO] httpx: HTTP Request: GET https://www.screener.in/api/company/467/schedules/?parent=Other+Income&section=quarters&consolidated= "HTTP/1.1 200 OK"
  23:26:56 [INFO] httpx: HTTP Request: GET https://www.screener.in/api/company/467/schedules/?parent=Net+Profit&section=quarters&consolidated= "HTTP/1.1 200 OK"
  23:26:57 [INFO] flowtracker.research.refresh: [refresh] BHARTIARTL: schedules_quarters ok 130 records
  23:26:57 [INFO] httpx: HTTP Request: GET https://www.screener.in/api/company/467/schedules/?parent=Sales&section=profit-loss&consolidated= "HTTP/1.1 200 OK"
  23:26:58 [INFO] httpx: HTTP Request: GET https://www.screener.in/api/company/467/schedules/?parent=Expenses&section=profit-loss&consolidated= "HTTP/1.1 200 OK"
  23:26:59 [INFO] httpx: HTTP Request: GET https://www.screener.in/api/company/467/schedules/?parent=Other+Income&section=profit-loss&consolidated= "HTTP/1.1 200 OK"
  23:27:00 [INFO] httpx: HTTP Request: GET https://www.screener.in/api/company/467/schedules/?parent=Net+Profit&section=profit-loss&consolidated= "HTTP/1.1 200 OK"
  23:27:01 [INFO] flowtracker.research.refresh: [refresh] BHARTIARTL: schedules_profit-loss ok 168 records
  23:27:01 [INFO] httpx: HTTP Request: GET https://www.screener.in/api/company/467/schedules/?parent=Borrowings&section=balance-sheet&consolidated= "HTTP/1.1 200 OK"
