=== private_bank ===

======================================================================
AGENT SUMMARY: valuation
======================================================================
  private_bank        HDFCBANK      ERR ( 0)  [FAIL]  prompt_fixes:0
======================================================================
passing:0  failing:1  total:1
======================================================================
=== it_services ===

======================================================================
AGENT SUMMARY: valuation
======================================================================
  it_services         TCS           ERR ( 0)  [FAIL]  prompt_fixes:0
======================================================================
passing:0  failing:1  total:1
======================================================================
=== platform ===

======================================================================
AGENT SUMMARY: valuation
======================================================================
  platform            ETERNAL       A-  (90)  [PASS]  prompt_fixes:2
======================================================================
passing:1  failing:0  total:1
======================================================================
=== conglomerate ===

======================================================================
AGENT SUMMARY: valuation
======================================================================
  conglomerate        ADANIENT      A   (93)  [PASS]  prompt_fixes:2
======================================================================
passing:1  failing:0  total:1
======================================================================
=== telecom ===

======================================================================
AGENT SUMMARY: valuation
======================================================================
  telecom             BHARTIARTL    B   (85)  [FAIL]  prompt_fixes:1
======================================================================
passing:0  failing:1  total:1
======================================================================
=== real_estate ===

======================================================================
AGENT SUMMARY: valuation
======================================================================
  real_estate         GODREJPROP    ERR ( 0)  [FAIL]  prompt_fixes:0
======================================================================
passing:0  failing:1  total:1
======================================================================
=== pharma ===

======================================================================
AGENT SUMMARY: valuation
======================================================================
  pharma              SUNPHARMA     A-  (92)  [PASS]  prompt_fixes:2
======================================================================
passing:1  failing:0  total:1
======================================================================
=== regulated_power ===

======================================================================
AGENT SUMMARY: valuation
======================================================================
  regulated_power     NTPC          A   (95)  [PASS]  prompt_fixes:1
======================================================================
passing:1  failing:0  total:1
======================================================================
=== insurance ===

======================================================================
AGENT SUMMARY: valuation
======================================================================
  insurance           POLICYBZR     ERR ( 0)  [FAIL]  prompt_fixes:0
======================================================================
passing:0  failing:1  total:1
======================================================================
=== broker ===

======================================================================
AGENT SUMMARY: valuation
======================================================================
  broker              GROWW         A-  (91)  [PASS]  prompt_fixes:2
======================================================================
passing:1  failing:0  total:1
======================================================================
=== auto ===

======================================================================
AGENT SUMMARY: valuation
======================================================================
  auto                OLAELEC       ERR ( 0)  [FAIL]  prompt_fixes:0
======================================================================
passing:0  failing:1  total:1
======================================================================
=== fmcg ===

======================================================================
AGENT SUMMARY: valuation
======================================================================
  fmcg                HINDUNILVR    A-  (92)  [PASS]  prompt_fixes:2
======================================================================
passing:1  failing:0  total:1
======================================================================
