=== private_bank ===

======================================================================
AGENT SUMMARY: valuation
======================================================================
  private_bank        HDFCBANK      A   (93)  [PASS]  prompt_fixes:2
======================================================================
passing:1  failing:0  total:1
======================================================================
=== it_services ===

======================================================================
AGENT SUMMARY: valuation
======================================================================
  it_services         TCS           B+  (88)  [FAIL]  prompt_fixes:2
======================================================================
passing:0  failing:1  total:1
======================================================================
=== real_estate ===

======================================================================
AGENT SUMMARY: valuation
======================================================================
  real_estate         GODREJPROP    A-  (91)  [PASS]  prompt_fixes:3
======================================================================
passing:1  failing:0  total:1
======================================================================
=== insurance ===

======================================================================
AGENT SUMMARY: valuation
======================================================================
  insurance           POLICYBZR     A-  (92)  [PASS]  prompt_fixes:2
======================================================================
passing:1  failing:0  total:1
======================================================================
=== auto ===

======================================================================
AGENT SUMMARY: valuation
======================================================================
  auto                OLAELEC       B+  (89)  [FAIL]  prompt_fixes:2
======================================================================
passing:0  failing:1  total:1
======================================================================
